\BOOKMARK [1][-]{section.1}{Introduction}{}% 1
\BOOKMARK [1][-]{section.2}{Sub-event multi-particle cumulants}{}% 2
\BOOKMARK [2][-]{subsection.2.1}{Basic idea of subevent cumulant}{section.2}% 3
\BOOKMARK [2][-]{subsection.2.2}{Traditional cumulant}{section.2}% 4
\BOOKMARK [2][-]{subsection.2.3}{2 sub-event method}{section.2}% 5
\BOOKMARK [2][-]{subsection.2.4}{3 sub-event method}{section.2}% 6
\BOOKMARK [1][-]{section.3}{Data samples, event and tracking selections}{}% 7
\BOOKMARK [2][-]{subsection.3.1}{pp 13 TeV}{section.3}% 8
\BOOKMARK [3][-]{subsubsection.3.1.1}{Run period 1}{subsection.3.1}% 9
\BOOKMARK [3][-]{subsubsection.3.1.2}{Run period 2}{subsection.3.1}% 10
\BOOKMARK [3][-]{subsubsection.3.1.3}{Run period 3}{subsection.3.1}% 11
\BOOKMARK [3][-]{subsubsection.3.1.4}{Run period 4}{subsection.3.1}% 12
\BOOKMARK [3][-]{subsubsection.3.1.5}{PYTHIA for pp 13 TeV data}{subsection.3.1}% 13
\BOOKMARK [3][-]{subsubsection.3.1.6}{Tracking validation for run 305359, 309314 and 309346}{subsection.3.1}% 14
\BOOKMARK [2][-]{subsection.3.2}{pp 5.02 TeV}{section.3}% 15
\BOOKMARK [3][-]{subsubsection.3.2.1}{PYTHIA for pp 5.02 TeV data}{subsection.3.2}% 16
\BOOKMARK [3][-]{subsubsection.3.2.2}{Impact of ID misalignment}{subsection.3.2}% 17
\BOOKMARK [2][-]{subsection.3.3}{p+Pb 5.02 TeV}{section.3}% 18
\BOOKMARK [3][-]{subsubsection.3.3.1}{2013 p+Pb}{subsection.3.3}% 19
\BOOKMARK [3][-]{subsubsection.3.3.2}{HIJING for 2013 p+Pb data}{subsection.3.3}% 20
\BOOKMARK [3][-]{subsubsection.3.3.3}{2016 p+Pb}{subsection.3.3}% 21
\BOOKMARK [3][-]{subsubsection.3.3.4}{HIJING for 2016 p+Pb data}{subsection.3.3}% 22
\BOOKMARK [1][-]{section.4}{Data analysis}{}% 23
\BOOKMARK [2][-]{subsection.4.1}{Outline}{section.4}% 24
\BOOKMARK [2][-]{subsection.4.2}{pT range of the reference particles Nchref}{section.4}% 25
\BOOKMARK [2][-]{subsection.4.3}{Calculation of Q-vector}{section.4}% 26
\BOOKMARK [2][-]{subsection.4.4}{Flattening procedure}{section.4}% 27
\BOOKMARK [2][-]{subsection.4.5}{2- and 4-particle correlations with direct cumulant method}{section.4}% 28
\BOOKMARK [2][-]{subsection.4.6}{Definition of event classes}{section.4}% 29
\BOOKMARK [2][-]{subsection.4.7}{X-axis of cumulant results}{section.4}% 30
\BOOKMARK [2][-]{subsection.4.8}{Event weighting}{section.4}% 31
\BOOKMARK [2][-]{subsection.4.9}{2- and 4-particle cumulant}{section.4}% 32
\BOOKMARK [2][-]{subsection.4.10}{Validation of the subevent method using PYTHIA truth particles}{section.4}% 33
\BOOKMARK [1][-]{section.5}{Systematic uncertainties and cross-checks}{}% 34
\BOOKMARK [2][-]{subsection.5.1}{pp 13 TeV}{section.5}% 35
\BOOKMARK [3][-]{subsubsection.5.1.1}{Trigger efficiency}{subsection.5.1}% 36
\BOOKMARK [3][-]{subsubsection.5.1.2}{Tracking efficiency}{subsection.5.1}% 37
\BOOKMARK [3][-]{subsubsection.5.1.3}{Track selection}{subsection.5.1}% 38
\BOOKMARK [3][-]{subsubsection.5.1.4}{Pile-up condition}{subsection.5.1}% 39
\BOOKMARK [3][-]{subsubsection.5.1.5}{Residual detector effects}{subsection.5.1}% 40
\BOOKMARK [3][-]{subsubsection.5.1.6}{Event class bin width}{subsection.5.1}% 41
\BOOKMARK [3][-]{subsubsection.5.1.7}{ gap for sub-event}{subsection.5.1}% 42
\BOOKMARK [3][-]{subsubsection.5.1.8}{Charge dependence}{subsection.5.1}% 43
\BOOKMARK [3][-]{subsubsection.5.1.9}{Deviations from the truth in the reconstruction of Monte Carlo data}{subsection.5.1}% 44
\BOOKMARK [3][-]{subsubsection.5.1.10}{Summary of systematics}{subsection.5.1}% 45
\BOOKMARK [2][-]{subsection.5.2}{pp 5.02 TeV}{section.5}% 46
\BOOKMARK [3][-]{subsubsection.5.2.1}{Summary of systematics}{subsection.5.2}% 47
\BOOKMARK [2][-]{subsection.5.3}{p+Pb 5.02 TeV}{section.5}% 48
\BOOKMARK [3][-]{subsubsection.5.3.1}{Pileup rejection in run 1}{subsection.5.3}% 49
\BOOKMARK [3][-]{subsubsection.5.3.2}{Summary of systematics}{subsection.5.3}% 50
\BOOKMARK [2][-]{subsection.5.4}{Summary of systematic table}{section.5}% 51
\BOOKMARK [1][-]{section.6}{Results}{}% 52
\BOOKMARK [2][-]{subsection.6.1}{13 TeV pp C2\1732\175}{section.6}% 53
\BOOKMARK [2][-]{subsection.6.2}{13 TeV pp C3\1732\175}{section.6}% 54
\BOOKMARK [2][-]{subsection.6.3}{13 TeV pp C2\1734\175}{section.6}% 55
\BOOKMARK [2][-]{subsection.6.4}{13 TeV pp C3\1734\175}{section.6}% 56
\BOOKMARK [2][-]{subsection.6.5}{5.02 TeV pp C2\1732\175}{section.6}% 57
\BOOKMARK [2][-]{subsection.6.6}{5.02 TeV pp C3\1732\175}{section.6}% 58
\BOOKMARK [2][-]{subsection.6.7}{5.02 TeV pp C2\1734\175}{section.6}% 59
\BOOKMARK [2][-]{subsection.6.8}{5.02 TeV pp C3\1734\175}{section.6}% 60
\BOOKMARK [2][-]{subsection.6.9}{5.02 TeV p+Pb C2\1732\175}{section.6}% 61
\BOOKMARK [2][-]{subsection.6.10}{5.02 TeV p+Pb C3\1732\175}{section.6}% 62
\BOOKMARK [2][-]{subsection.6.11}{5.02 TeV p+Pb C2\1734\175}{section.6}% 63
\BOOKMARK [2][-]{subsection.6.12}{5.02 TeV p+Pb C3\1734\175}{section.6}% 64
\BOOKMARK [2][-]{subsection.6.13}{Comparison among three collision systems}{section.6}% 65
\BOOKMARK [2][-]{subsection.6.14}{Comparison with 2PC results}{section.6}% 66
\BOOKMARK [2][-]{subsection.6.15}{Number of sources Ns in the initial state geometry}{section.6}% 67
\BOOKMARK [1][-]{section.7}{Summary}{}% 68
\BOOKMARK [1][-]{section.8}{Appendix}{}% 69
\BOOKMARK [2][-]{subsection.8.1}{Statistics of all triggers in pp 13 TeV}{section.8}% 70
\BOOKMARK [2][-]{subsection.8.2}{Statistics of all triggers in pp 5.02 TeV}{section.8}% 71
\BOOKMARK [2][-]{subsection.8.3}{Auxiliary plots 13 TeV PYTHIA}{section.8}% 72
\BOOKMARK [2][-]{subsection.8.4}{Formulas for direct cumulant with particle weight}{section.8}% 73
\BOOKMARK [3][-]{subsubsection.8.4.1}{Traditional method}{subsection.8.4}% 74
\BOOKMARK [3][-]{subsubsection.8.4.2}{2 sub-event method: 1st kind}{subsection.8.4}% 75
\BOOKMARK [3][-]{subsubsection.8.4.3}{2 sub-event method: 2nd kind}{subsection.8.4}% 76
\BOOKMARK [3][-]{subsubsection.8.4.4}{3 sub-event method: 1st kind}{subsection.8.4}% 77
\BOOKMARK [3][-]{subsubsection.8.4.5}{3 sub-event method: 2nd kind}{subsection.8.4}% 78
